# JRE version: OpenJDK Runtime Environment Microsoft-11933218 (21.0.8+9) (build 21.0.8+9-LTS)
# Java VM: OpenJDK 64-Bit Server VM Microsoft-11933218 (21.0.8+9-LTS, mixed mode, sharing, tiered, compressed oops, compressed class ptrs, g1 gc, windows-amd64)
GC Precious Log:
 CardTable entry size: 512
 Card Set container configuration: InlinePtr #cards 5 size 8 Array Of Cards #cards 12 size 40 Howl #buckets 4 coarsen threshold 1843 Howl Bitmap #cards 512 size 80 coarsen threshold 460 Card regions per heap region 1 cards per card region 2048
 CPUs: 4 total, 4 available
 Memory: 3546M
 Large Page Support: Disabled
 NUMA Support: Disabled
 Compressed Oops: Enabled (32-bit)
 Heap Region Size: 1M
 Heap Min Capacity: 8M
 Heap Initial Capacity: 56M
 Heap Max Capacity: 888M
 Pre-touch: Disabled
 Parallel Workers: 4
 Concurrent Workers: 1
 Concurrent Refinement Workers: 4
 Periodic GC: Disabled
Heap:
 garbage-first heap   total 55296K, used 33042K [0x00000000c8800000, 0x0000000100000000)
  region size 1024K, 21 young (21504K), 3 survivors (3072K)
 Metaspace       used 24373K, committed 24768K, reserved 1114112K
  class space    used 3047K, committed 3264K, reserved 1048576K
GC Heap History (10 events):
Event: 3.565 GC heap before
{Heap before GC invocations=0 (full 0):
 garbage-first heap   total 57344K, used 13312K [0x00000000c8800000, 0x0000000100000000)
  region size 1024K, 13 young (13312K), 0 survivors (0K)
 Metaspace       used 2932K, committed 3072K, reserved 1114112K
  class space    used 276K, committed 384K, reserved 1048576K
}
Event: 3.588 GC heap after
{Heap after GC invocations=1 (full 0):
 garbage-first heap   total 57344K, used 7680K [0x00000000c8800000, 0x0000000100000000)
  region size 1024K, 2 young (2048K), 2 survivors (2048K)
 Metaspace       used 2932K, committed 3072K, reserved 1114112K
  class space    used 276K, committed 384K, reserved 1048576K
}
Event: 4.820 GC heap before
{Heap before GC invocations=1 (full 0):
 garbage-first heap   total 57344K, used 17920K [0x00000000c8800000, 0x0000000100000000)
  region size 1024K, 12 young (12288K), 2 survivors (2048K)
 Metaspace       used 6146K, committed 6400K, reserved 1114112K
  class space    used 700K, committed 832K, reserved 1048576K
}
Event: 4.829 GC heap after
{Heap after GC invocations=2 (full 0):
 garbage-first heap   total 57344K, used 8811K [0x00000000c8800000, 0x0000000100000000)
  region size 1024K, 1 young (1024K), 1 survivors (1024K)
 Metaspace       used 6146K, committed 6400K, reserved 1114112K
  class space    used 700K, committed 832K, reserved 1048576K
}
Event: 6.440 GC heap before
{Heap before GC invocations=2 (full 0):
 garbage-first heap   total 57344K, used 29291K [0x00000000c8800000, 0x0000000100000000)
  region size 1024K, 22 young (22528K), 1 survivors (1024K)
 Metaspace       used 12050K, committed 12352K, reserved 1114112K
  class space    used 1426K, committed 1600K, reserved 1048576K
}
Event: 6.455 GC heap after
{Heap after GC invocations=3 (full 0):
 garbage-first heap   total 57344K, used 10896K [0x00000000c8800000, 0x0000000100000000)
  region size 1024K, 3 young (3072K), 3 survivors (3072K)
 Metaspace       used 12050K, committed 12352K, reserved 1114112K
  class space    used 1426K, committed 1600K, reserved 1048576K
}
Event: 8.872 GC heap before
{Heap before GC invocations=3 (full 0):
 garbage-first heap   total 57344K, used 36496K [0x00000000c8800000, 0x0000000100000000)
  region size 1024K, 29 young (29696K), 3 survivors (3072K)
 Metaspace       used 18080K, committed 18368K, reserved 1114112K
  class space    used 2182K, committed 2304K, reserved 1048576K
}
Event: 8.889 GC heap after
{Heap after GC invocations=4 (full 0):
 garbage-first heap   total 57344K, used 13996K [0x00000000c8800000, 0x0000000100000000)
  region size 1024K, 4 young (4096K), 4 survivors (4096K)
 Metaspace       used 18080K, committed 18368K, reserved 1114112K
  class space    used 2182K, committed 2304K, reserved 1048576K
}
Event: 11.225 GC heap before
{Heap before GC invocations=4 (full 0):
 garbage-first heap   total 57344K, used 39596K [0x00000000c8800000, 0x0000000100000000)
  region size 1024K, 30 young (30720K), 4 survivors (4096K)
 Metaspace       used 21299K, committed 21504K, reserved 1114112K
  class space    used 2583K, committed 2688K, reserved 1048576K
}
Event: 11.243 GC heap after
{Heap after GC invocations=5 (full 0):
 garbage-first heap   total 57344K, used 15634K [0x00000000c8800000, 0x0000000100000000)
  region size 1024K, 3 young (3072K), 3 survivors (3072K)
 Metaspace       used 21299K, committed 21504K, reserved 1114112K
  class space    used 2583K, committed 2688K, reserved 1048576K
}

